<?xml version="1.0" encoding="UTF-8"?>
<testng-results ignored="0" total="1" passed="1" failed="0" skipped="0">
  <reporter-output>
  </reporter-output>
  <suite started-at="2021-01-29T15:39:39Z" name="Default suite" finished-at="2021-01-29T15:40:22Z" duration-ms="43424">
    <groups>
    </groups>
    <test started-at="2021-01-29T15:39:39Z" name="Default test" finished-at="2021-01-29T15:40:22Z" duration-ms="43424">
      <class name="com.shopping.appname.textcase.loginaction">
        <test-method is-config="true" signature="openapp()[pri:0, instance:com.shopping.appname.textcase.loginaction@38102d01]" started-at="2021-01-29T15:39:39Z" name="openapp" finished-at="2021-01-29T15:40:10Z" duration-ms="31246" status="PASS">
          <reporter-output>
          </reporter-output>
        </test-method> <!-- openapp -->
        <test-method signature="logging()[pri:0, instance:com.shopping.appname.textcase.loginaction@38102d01]" started-at="2021-01-29T15:40:10Z" name="logging" finished-at="2021-01-29T15:40:21Z" duration-ms="11338" status="PASS">
          <reporter-output>
          </reporter-output>
        </test-method> <!-- logging -->
        <test-method is-config="true" signature="closeapp(org.testng.ITestResult)[pri:0, instance:com.shopping.appname.textcase.loginaction@38102d01]" started-at="2021-01-29T15:40:21Z" name="closeapp" finished-at="2021-01-29T15:40:22Z" duration-ms="779" status="PASS">
          <params>
            <param index="0">
              <value>
                <![CDATA[[TestResult name=logging status=SUCCESS method=loginaction.logging()[pri:0, instance:com.shopping.appname.textcase.loginaction@38102d01] output={null}]]]>
              </value>
            </param>
          </params>
          <reporter-output>
          </reporter-output>
        </test-method> <!-- closeapp -->
      </class> <!-- com.shopping.appname.textcase.loginaction -->
    </test> <!-- Default test -->
  </suite> <!-- Default suite -->
</testng-results>
